{
  "/Users/jacoblurie/Git/College/ChangePlusPlus/miracleflights-frontend/src/components/ExampleComponent/ExampleComponent.tsx": {
    "path": "/Users/jacoblurie/Git/College/ChangePlusPlus/miracleflights-frontend/src/components/ExampleComponent/ExampleComponent.tsx",
    "statementMap": {
      "0": {
        "start": { "line": 1, "column": 0 },
        "end": { "line": 1, "column": 51 }
      },
      "1": {
        "start": { "line": 2, "column": 0 },
        "end": { "line": 2, "column": 33 }
      },
      "2": {
        "start": { "line": 5, "column": 25 },
        "end": { "line": 31, "column": 1 }
      },
      "3": {
        "start": { "line": 6, "column": 30 },
        "end": { "line": 6, "column": 49 }
      },
      "4": {
        "start": { "line": 8, "column": 2 },
        "end": { "line": 30, "column": 4 }
      },
      "5": {
        "start": { "line": 17, "column": 25 },
        "end": { "line": 17, "column": 60 }
      },
      "6": {
        "start": { "line": 23, "column": 25 },
        "end": { "line": 23, "column": 37 }
      },
      "7": {
        "start": { "line": 33, "column": 0 },
        "end": { "line": 33, "column": 32 }
      }
    },
    "fnMap": {
      "0": {
        "name": "(anonymous_1)",
        "decl": {
          "start": { "line": 5, "column": 25 },
          "end": { "line": 5, "column": 26 }
        },
        "loc": {
          "start": { "line": 5, "column": 76 },
          "end": { "line": 31, "column": 1 }
        }
      },
      "1": {
        "name": "(anonymous_2)",
        "decl": {
          "start": { "line": 17, "column": 19 },
          "end": { "line": 17, "column": 22 }
        },
        "loc": {
          "start": { "line": 17, "column": 25 },
          "end": { "line": 17, "column": 60 }
        }
      },
      "2": {
        "name": "(anonymous_3)",
        "decl": {
          "start": { "line": 23, "column": 19 },
          "end": { "line": 23, "column": 22 }
        },
        "loc": {
          "start": { "line": 23, "column": 25 },
          "end": { "line": 23, "column": 37 }
        }
      }
    },
    "branchMap": {
      "0": {
        "loc": {
          "start": { "line": 5, "column": 28 },
          "end": { "line": 5, "column": 47 }
        },
        "type": "default-arg",
        "locations": [
          {
            "start": { "line": 5, "column": 46 },
            "end": { "line": 5, "column": 47 }
          }
        ]
      }
    },
    "s": { "0": 1, "1": 1, "2": 1, "3": 6, "4": 6, "5": 2, "6": 2, "7": 1 },
    "f": { "0": 6, "1": 2, "2": 2 },
    "b": { "0": [3] }
  },
  "/Users/jacoblurie/Git/College/ChangePlusPlus/miracleflights-frontend/src/pages/Dashboard/Dashboard.tsx": {
    "path": "/Users/jacoblurie/Git/College/ChangePlusPlus/miracleflights-frontend/src/pages/Dashboard/Dashboard.tsx",
    "statementMap": {
      "0": {
        "start": { "line": 1, "column": 18 },
        "end": { "line": 6, "column": 1 }
      },
      "1": {
        "start": { "line": 3, "column": 2 },
        "end": { "line": 3, "column": 27 }
      },
      "2": {
        "start": { "line": 5, "column": 2 },
        "end": { "line": 5, "column": 30 }
      },
      "3": {
        "start": { "line": 8, "column": 0 },
        "end": { "line": 8, "column": 25 }
      }
    },
    "fnMap": {
      "0": {
        "name": "(anonymous_0)",
        "decl": {
          "start": { "line": 1, "column": 18 },
          "end": { "line": 1, "column": 21 }
        },
        "loc": {
          "start": { "line": 1, "column": 23 },
          "end": { "line": 6, "column": 1 }
        }
      }
    },
    "branchMap": {},
    "s": { "0": 0, "1": 0, "2": 0, "3": 0 },
    "f": { "0": 0 },
    "b": {}
  },
  "/Users/jacoblurie/Git/College/ChangePlusPlus/miracleflights-frontend/src/pages/MyFlights/MyFlights.tsx": {
    "path": "/Users/jacoblurie/Git/College/ChangePlusPlus/miracleflights-frontend/src/pages/MyFlights/MyFlights.tsx",
    "statementMap": {
      "0": {
        "start": { "line": 1, "column": 18 },
        "end": { "line": 6, "column": 1 }
      },
      "1": {
        "start": { "line": 3, "column": 2 },
        "end": { "line": 3, "column": 27 }
      },
      "2": {
        "start": { "line": 5, "column": 2 },
        "end": { "line": 5, "column": 30 }
      },
      "3": {
        "start": { "line": 8, "column": 0 },
        "end": { "line": 8, "column": 25 }
      }
    },
    "fnMap": {
      "0": {
        "name": "(anonymous_0)",
        "decl": {
          "start": { "line": 1, "column": 18 },
          "end": { "line": 1, "column": 21 }
        },
        "loc": {
          "start": { "line": 1, "column": 23 },
          "end": { "line": 6, "column": 1 }
        }
      }
    },
    "branchMap": {},
    "s": { "0": 0, "1": 0, "2": 0, "3": 0 },
    "f": { "0": 0 },
    "b": {}
  },
  "/Users/jacoblurie/Git/College/ChangePlusPlus/miracleflights-frontend/src/pages/PersonalInfo/PersonalInfo.tsx": {
    "path": "/Users/jacoblurie/Git/College/ChangePlusPlus/miracleflights-frontend/src/pages/PersonalInfo/PersonalInfo.tsx",
    "statementMap": {
      "0": {
        "start": { "line": 1, "column": 21 },
        "end": { "line": 6, "column": 1 }
      },
      "1": {
        "start": { "line": 3, "column": 2 },
        "end": { "line": 3, "column": 30 }
      },
      "2": {
        "start": { "line": 5, "column": 2 },
        "end": { "line": 5, "column": 33 }
      },
      "3": {
        "start": { "line": 8, "column": 0 },
        "end": { "line": 8, "column": 28 }
      }
    },
    "fnMap": {
      "0": {
        "name": "(anonymous_0)",
        "decl": {
          "start": { "line": 1, "column": 21 },
          "end": { "line": 1, "column": 24 }
        },
        "loc": {
          "start": { "line": 1, "column": 26 },
          "end": { "line": 6, "column": 1 }
        }
      }
    },
    "branchMap": {},
    "s": { "0": 0, "1": 0, "2": 0, "3": 0 },
    "f": { "0": 0 },
    "b": {}
  },
  "/Users/jacoblurie/Git/College/ChangePlusPlus/miracleflights-frontend/src/pages/RequestFlight/RequestFlight.tsx": {
    "path": "/Users/jacoblurie/Git/College/ChangePlusPlus/miracleflights-frontend/src/pages/RequestFlight/RequestFlight.tsx",
    "statementMap": {
      "0": {
        "start": { "line": 1, "column": 22 },
        "end": { "line": 6, "column": 1 }
      },
      "1": {
        "start": { "line": 3, "column": 2 },
        "end": { "line": 3, "column": 31 }
      },
      "2": {
        "start": { "line": 5, "column": 2 },
        "end": { "line": 5, "column": 34 }
      },
      "3": {
        "start": { "line": 8, "column": 0 },
        "end": { "line": 8, "column": 29 }
      }
    },
    "fnMap": {
      "0": {
        "name": "(anonymous_0)",
        "decl": {
          "start": { "line": 1, "column": 22 },
          "end": { "line": 1, "column": 25 }
        },
        "loc": {
          "start": { "line": 1, "column": 27 },
          "end": { "line": 6, "column": 1 }
        }
      }
    },
    "branchMap": {},
    "s": { "0": 0, "1": 0, "2": 0, "3": 0 },
    "f": { "0": 0 },
    "b": {}
  },
  "/Users/jacoblurie/Git/College/ChangePlusPlus/miracleflights-frontend/src/pages/SignIn/SignIn.tsx": {
    "path": "/Users/jacoblurie/Git/College/ChangePlusPlus/miracleflights-frontend/src/pages/SignIn/SignIn.tsx",
    "statementMap": {
      "0": {
        "start": { "line": 1, "column": 15 },
        "end": { "line": 6, "column": 1 }
      },
      "1": {
        "start": { "line": 3, "column": 2 },
        "end": { "line": 3, "column": 24 }
      },
      "2": {
        "start": { "line": 5, "column": 2 },
        "end": { "line": 5, "column": 27 }
      },
      "3": {
        "start": { "line": 8, "column": 0 },
        "end": { "line": 8, "column": 22 }
      }
    },
    "fnMap": {
      "0": {
        "name": "(anonymous_0)",
        "decl": {
          "start": { "line": 1, "column": 15 },
          "end": { "line": 1, "column": 18 }
        },
        "loc": {
          "start": { "line": 1, "column": 20 },
          "end": { "line": 6, "column": 1 }
        }
      }
    },
    "branchMap": {},
    "s": { "0": 0, "1": 0, "2": 0, "3": 0 },
    "f": { "0": 0 },
    "b": {}
  },
  "/Users/jacoblurie/Git/College/ChangePlusPlus/miracleflights-frontend/src/pages/SignUp/SignUp.tsx": {
    "path": "/Users/jacoblurie/Git/College/ChangePlusPlus/miracleflights-frontend/src/pages/SignUp/SignUp.tsx",
    "statementMap": {
      "0": {
        "start": { "line": 1, "column": 15 },
        "end": { "line": 6, "column": 1 }
      },
      "1": {
        "start": { "line": 3, "column": 2 },
        "end": { "line": 3, "column": 24 }
      },
      "2": {
        "start": { "line": 5, "column": 2 },
        "end": { "line": 5, "column": 27 }
      },
      "3": {
        "start": { "line": 8, "column": 0 },
        "end": { "line": 8, "column": 22 }
      }
    },
    "fnMap": {
      "0": {
        "name": "(anonymous_0)",
        "decl": {
          "start": { "line": 1, "column": 15 },
          "end": { "line": 1, "column": 18 }
        },
        "loc": {
          "start": { "line": 1, "column": 20 },
          "end": { "line": 6, "column": 1 }
        }
      }
    },
    "branchMap": {},
    "s": { "0": 0, "1": 0, "2": 0, "3": 0 },
    "f": { "0": 0 },
    "b": {}
  }
}
